2020-11-30 15:29:45.090  INFO 28952 --- [restartedMain] tn.esprit.spring.TimeSheetApplication    : Starting TimeSheetApplication on HaDDaD with PID 28952 (C:\Users\Haddad\Documents\Spring\TimeSheet\target\classes started by Haddad in C:\Users\Haddad\Documents\Spring\TimeSheet)
2020-11-30 15:29:45.141  INFO 28952 --- [restartedMain] tn.esprit.spring.TimeSheetApplication    : No active profile set, falling back to default profiles: default
2020-11-30 15:29:45.362  INFO 28952 --- [restartedMain] .e.DevToolsPropertyDefaultsPostProcessor : Devtools property defaults active! Set 'spring.devtools.add-properties' to 'false' to disable
2020-11-30 15:29:45.363  INFO 28952 --- [restartedMain] .e.DevToolsPropertyDefaultsPostProcessor : For additional web related logging consider setting the 'logging.level.web' property to 'DEBUG'
2020-11-30 15:29:46.867  INFO 28952 --- [restartedMain] .s.d.r.c.RepositoryConfigurationDelegate : Bootstrapping Spring Data JPA repositories in DEFERRED mode.
2020-11-30 15:29:47.056  INFO 28952 --- [restartedMain] .s.d.r.c.RepositoryConfigurationDelegate : Finished Spring Data repository scanning in 174ms. Found 6 JPA repository interfaces.
2020-11-30 15:29:48.531  INFO 28952 --- [restartedMain] o.s.b.w.embedded.tomcat.TomcatWebServer  : Tomcat initialized with port(s): 8081 (http)
2020-11-30 15:29:48.585  INFO 28952 --- [restartedMain] o.apache.catalina.core.StandardService   : Starting service [Tomcat]
2020-11-30 15:29:48.586  INFO 28952 --- [restartedMain] org.apache.catalina.core.StandardEngine  : Starting Servlet engine: [Apache Tomcat/9.0.39]
2020-11-30 15:29:48.931  INFO 28952 --- [restartedMain] o.a.c.c.C.[.[localhost].[/SpringMVC]     : Initializing Spring embedded WebApplicationContext
2020-11-30 15:29:48.931  INFO 28952 --- [restartedMain] w.s.c.ServletWebServerApplicationContext : Root WebApplicationContext: initialization completed in 3567 ms
2020-11-30 15:29:49.516  INFO 28952 --- [restartedMain] o.s.s.concurrent.ThreadPoolTaskExecutor  : Initializing ExecutorService 'applicationTaskExecutor'
2020-11-30 15:29:50.051  INFO 28952 --- [task-1] o.hibernate.jpa.internal.util.LogHelper  : HHH000204: Processing PersistenceUnitInfo [name: default]
2020-11-30 15:29:51.009  INFO 28952 --- [task-1] org.hibernate.Version                    : HHH000412: Hibernate ORM core version 5.4.23.Final
2020-11-30 15:29:52.224  INFO 28952 --- [task-1] o.hibernate.annotations.common.Version   : HCANN000001: Hibernate Commons Annotations {5.1.2.Final}
2020-11-30 15:29:52.432  INFO 28952 --- [restartedMain] o.s.b.d.a.OptionalLiveReloadServer       : LiveReload server is running on port 35729
2020-11-30 15:29:52.976  INFO 28952 --- [restartedMain] o.s.b.w.embedded.tomcat.TomcatWebServer  : Tomcat started on port(s): 8081 (http) with context path '/SpringMVC'
2020-11-30 15:29:52.980  INFO 28952 --- [restartedMain] DeferredRepositoryInitializationListener : Triggering deferred initialization of Spring Data repositories…
2020-11-30 15:29:53.529  INFO 28952 --- [task-1] com.zaxxer.hikari.HikariDataSource       : HikariPool-1 - Starting...
2020-11-30 15:29:56.058  INFO 28952 --- [task-1] com.zaxxer.hikari.HikariDataSource       : HikariPool-1 - Start completed.
2020-11-30 15:29:56.145  INFO 28952 --- [task-1] org.hibernate.dialect.Dialect            : HHH000400: Using dialect: org.hibernate.dialect.MySQL55Dialect
2020-11-30 15:29:58.289  WARN 28952 --- [task-1] org.hibernate.mapping.RootClass          : HHH000038: Composite-id class does not override equals(): tn.esprit.spring.entity.PK
2020-11-30 15:29:58.290  WARN 28952 --- [task-1] org.hibernate.mapping.RootClass          : HHH000039: Composite-id class does not override hashCode(): tn.esprit.spring.entity.PK
2020-11-30 15:30:21.424  INFO 28952 --- [task-1] o.h.e.t.j.p.i.JtaPlatformInitiator       : HHH000490: Using JtaPlatform implementation: [org.hibernate.engine.transaction.jta.platform.internal.NoJtaPlatform]
2020-11-30 15:30:21.524  INFO 28952 --- [task-1] j.LocalContainerEntityManagerFactoryBean : Initialized JPA EntityManagerFactory for persistence unit 'default'
2020-11-30 15:30:23.234  INFO 28952 --- [restartedMain] DeferredRepositoryInitializationListener : Spring Data repositories initialized!
2020-11-30 15:30:23.284  INFO 28952 --- [restartedMain] tn.esprit.spring.TimeSheetApplication    : Started TimeSheetApplication in 39.108 seconds (JVM running for 42.312)
2020-11-30 15:42:58.145  INFO 28952 --- [Thread-6] j.LocalContainerEntityManagerFactoryBean : Closing JPA EntityManagerFactory for persistence unit 'default'
2020-11-30 15:42:58.193  INFO 28952 --- [Thread-6] o.s.s.concurrent.ThreadPoolTaskExecutor  : Shutting down ExecutorService 'applicationTaskExecutor'
2020-11-30 15:42:58.195  INFO 28952 --- [Thread-6] com.zaxxer.hikari.HikariDataSource       : HikariPool-1 - Shutdown initiated...
2020-11-30 15:42:58.316  INFO 28952 --- [Thread-6] com.zaxxer.hikari.HikariDataSource       : HikariPool-1 - Shutdown completed.
2020-11-30 15:42:58.700  INFO 28952 --- [restartedMain] tn.esprit.spring.TimeSheetApplication    : Starting TimeSheetApplication on HaDDaD with PID 28952 (C:\Users\Haddad\Documents\Spring\TimeSheet\target\classes started by Haddad in C:\Users\Haddad\Documents\Spring\TimeSheet)
2020-11-30 15:42:58.701  INFO 28952 --- [restartedMain] tn.esprit.spring.TimeSheetApplication    : No active profile set, falling back to default profiles: default
2020-11-30 15:42:59.244  INFO 28952 --- [restartedMain] .s.d.r.c.RepositoryConfigurationDelegate : Bootstrapping Spring Data JPA repositories in DEFERRED mode.
2020-11-30 15:42:59.306  INFO 28952 --- [restartedMain] .s.d.r.c.RepositoryConfigurationDelegate : Finished Spring Data repository scanning in 62ms. Found 6 JPA repository interfaces.
2020-11-30 15:42:59.732  INFO 28952 --- [restartedMain] o.s.b.w.embedded.tomcat.TomcatWebServer  : Tomcat initialized with port(s): 8081 (http)
2020-11-30 15:42:59.733  INFO 28952 --- [restartedMain] o.apache.catalina.core.StandardService   : Starting service [Tomcat]
2020-11-30 15:42:59.734  INFO 28952 --- [restartedMain] org.apache.catalina.core.StandardEngine  : Starting Servlet engine: [Apache Tomcat/9.0.39]
2020-11-30 15:42:59.758  INFO 28952 --- [restartedMain] o.a.c.c.C.[.[localhost].[/SpringMVC]     : Initializing Spring embedded WebApplicationContext
2020-11-30 15:42:59.759  INFO 28952 --- [restartedMain] w.s.c.ServletWebServerApplicationContext : Root WebApplicationContext: initialization completed in 1055 ms
2020-11-30 15:42:59.847  INFO 28952 --- [restartedMain] o.s.s.concurrent.ThreadPoolTaskExecutor  : Initializing ExecutorService 'applicationTaskExecutor'
2020-11-30 15:42:59.867  INFO 28952 --- [task-1] o.hibernate.jpa.internal.util.LogHelper  : HHH000204: Processing PersistenceUnitInfo [name: default]
2020-11-30 15:42:59.878  INFO 28952 --- [task-1] com.zaxxer.hikari.HikariDataSource       : HikariPool-2 - Starting...
2020-11-30 15:42:59.936  INFO 28952 --- [task-1] com.zaxxer.hikari.HikariDataSource       : HikariPool-2 - Start completed.
2020-11-30 15:42:59.937  INFO 28952 --- [task-1] org.hibernate.dialect.Dialect            : HHH000400: Using dialect: org.hibernate.dialect.MySQL55Dialect
2020-11-30 15:42:59.972  WARN 28952 --- [task-1] org.hibernate.mapping.RootClass          : HHH000038: Composite-id class does not override equals(): tn.esprit.spring.entity.PK
2020-11-30 15:42:59.973  WARN 28952 --- [task-1] org.hibernate.mapping.RootClass          : HHH000039: Composite-id class does not override hashCode(): tn.esprit.spring.entity.PK
2020-11-30 15:43:00.300  INFO 28952 --- [restartedMain] o.s.b.d.a.OptionalLiveReloadServer       : LiveReload server is running on port 35729
2020-11-30 15:43:00.313  INFO 28952 --- [restartedMain] o.s.b.w.embedded.tomcat.TomcatWebServer  : Tomcat started on port(s): 8081 (http) with context path '/SpringMVC'
2020-11-30 15:43:00.346  INFO 28952 --- [restartedMain] DeferredRepositoryInitializationListener : Triggering deferred initialization of Spring Data repositories…
2020-11-30 15:43:00.775  INFO 28952 --- [task-1] o.h.e.t.j.p.i.JtaPlatformInitiator       : HHH000490: Using JtaPlatform implementation: [org.hibernate.engine.transaction.jta.platform.internal.NoJtaPlatform]
2020-11-30 15:43:00.776  INFO 28952 --- [task-1] j.LocalContainerEntityManagerFactoryBean : Initialized JPA EntityManagerFactory for persistence unit 'default'
2020-11-30 15:43:00.979  INFO 28952 --- [restartedMain] DeferredRepositoryInitializationListener : Spring Data repositories initialized!
2020-11-30 15:43:00.987  INFO 28952 --- [restartedMain] tn.esprit.spring.TimeSheetApplication    : Started TimeSheetApplication in 2.387 seconds (JVM running for 800.015)
2020-11-30 15:43:00.990  INFO 28952 --- [restartedMain] .ConditionEvaluationDeltaLoggingListener : Condition evaluation unchanged
2020-11-30 20:09:26.802  WARN 28952 --- [HikariPool-2 housekeeper] com.zaxxer.hikari.pool.HikariPool        : HikariPool-2 - Thread starvation or clock leap detected (housekeeper delta=3h45m26s574ms52µs699ns).
2020-11-30 20:25:56.483  INFO 28952 --- [RMI TCP Connection(2)-127.0.0.1] inMXBeanRegistrar$SpringApplicationAdmin : Application shutdown requested.
2020-11-30 20:25:57.067  INFO 28952 --- [RMI TCP Connection(2)-127.0.0.1] j.LocalContainerEntityManagerFactoryBean : Closing JPA EntityManagerFactory for persistence unit 'default'
2020-11-30 20:25:57.068  INFO 28952 --- [RMI TCP Connection(2)-127.0.0.1] o.s.s.concurrent.ThreadPoolTaskExecutor  : Shutting down ExecutorService 'applicationTaskExecutor'
2020-11-30 20:25:57.069  INFO 28952 --- [RMI TCP Connection(2)-127.0.0.1] com.zaxxer.hikari.HikariDataSource       : HikariPool-2 - Shutdown initiated...
2020-11-30 20:25:57.077  INFO 28952 --- [RMI TCP Connection(2)-127.0.0.1] com.zaxxer.hikari.HikariDataSource       : HikariPool-2 - Shutdown completed.
2020-11-30 20:42:28.711  INFO 25052 --- [restartedMain] tn.esprit.spring.TimeSheetApplication    : Starting TimeSheetApplication on HaDDaD with PID 25052 (C:\Users\Haddad\Documents\Spring\TimeSheet\target\classes started by Haddad in C:\Users\Haddad\Documents\Spring\TimeSheet)
2020-11-30 20:42:28.728  INFO 25052 --- [restartedMain] tn.esprit.spring.TimeSheetApplication    : No active profile set, falling back to default profiles: default
2020-11-30 20:42:28.951  INFO 25052 --- [restartedMain] .e.DevToolsPropertyDefaultsPostProcessor : Devtools property defaults active! Set 'spring.devtools.add-properties' to 'false' to disable
2020-11-30 20:42:28.951  INFO 25052 --- [restartedMain] .e.DevToolsPropertyDefaultsPostProcessor : For additional web related logging consider setting the 'logging.level.web' property to 'DEBUG'
2020-11-30 20:42:30.652  INFO 25052 --- [restartedMain] .s.d.r.c.RepositoryConfigurationDelegate : Bootstrapping Spring Data JPA repositories in DEFERRED mode.
2020-11-30 20:42:30.906  INFO 25052 --- [restartedMain] .s.d.r.c.RepositoryConfigurationDelegate : Finished Spring Data repository scanning in 236ms. Found 6 JPA repository interfaces.
2020-11-30 20:42:33.025  INFO 25052 --- [restartedMain] o.s.b.w.embedded.tomcat.TomcatWebServer  : Tomcat initialized with port(s): 8081 (http)
2020-11-30 20:42:33.067  INFO 25052 --- [restartedMain] o.apache.catalina.core.StandardService   : Starting service [Tomcat]
2020-11-30 20:42:33.068  INFO 25052 --- [restartedMain] org.apache.catalina.core.StandardEngine  : Starting Servlet engine: [Apache Tomcat/9.0.39]
2020-11-30 20:42:33.348  INFO 25052 --- [restartedMain] o.a.c.c.C.[.[localhost].[/SpringMVC]     : Initializing Spring embedded WebApplicationContext
2020-11-30 20:42:33.348  INFO 25052 --- [restartedMain] w.s.c.ServletWebServerApplicationContext : Root WebApplicationContext: initialization completed in 4397 ms
2020-11-30 20:42:33.917  INFO 25052 --- [restartedMain] o.s.s.concurrent.ThreadPoolTaskExecutor  : Initializing ExecutorService 'applicationTaskExecutor'
2020-11-30 20:42:34.150  INFO 25052 --- [task-1] o.hibernate.jpa.internal.util.LogHelper  : HHH000204: Processing PersistenceUnitInfo [name: default]
2020-11-30 20:42:34.629  INFO 25052 --- [task-1] org.hibernate.Version                    : HHH000412: Hibernate ORM core version 5.4.23.Final
2020-11-30 20:42:35.568  INFO 25052 --- [task-1] o.hibernate.annotations.common.Version   : HCANN000001: Hibernate Commons Annotations {5.1.2.Final}
2020-11-30 20:42:35.812  INFO 25052 --- [restartedMain] o.s.b.d.a.OptionalLiveReloadServer       : LiveReload server is running on port 35729
2020-11-30 20:42:36.120  INFO 25052 --- [restartedMain] o.s.b.w.embedded.tomcat.TomcatWebServer  : Tomcat started on port(s): 8081 (http) with context path '/SpringMVC'
2020-11-30 20:42:36.124  INFO 25052 --- [restartedMain] DeferredRepositoryInitializationListener : Triggering deferred initialization of Spring Data repositories…
2020-11-30 20:42:36.257  INFO 25052 --- [task-1] com.zaxxer.hikari.HikariDataSource       : HikariPool-1 - Starting...
2020-11-30 20:42:37.323  INFO 25052 --- [task-1] com.zaxxer.hikari.HikariDataSource       : HikariPool-1 - Start completed.
2020-11-30 20:42:37.405  INFO 25052 --- [task-1] org.hibernate.dialect.Dialect            : HHH000400: Using dialect: org.hibernate.dialect.MySQL55Dialect
2020-11-30 20:42:38.103  WARN 25052 --- [task-1] org.hibernate.mapping.RootClass          : HHH000038: Composite-id class does not override equals(): tn.esprit.spring.entity.PK
2020-11-30 20:42:38.103  WARN 25052 --- [task-1] org.hibernate.mapping.RootClass          : HHH000039: Composite-id class does not override hashCode(): tn.esprit.spring.entity.PK
2020-11-30 20:42:46.600  INFO 25052 --- [task-1] o.h.e.t.j.p.i.JtaPlatformInitiator       : HHH000490: Using JtaPlatform implementation: [org.hibernate.engine.transaction.jta.platform.internal.NoJtaPlatform]
2020-11-30 20:42:46.625  INFO 25052 --- [task-1] j.LocalContainerEntityManagerFactoryBean : Initialized JPA EntityManagerFactory for persistence unit 'default'
2020-11-30 20:42:47.971  INFO 25052 --- [restartedMain] DeferredRepositoryInitializationListener : Spring Data repositories initialized!
2020-11-30 20:42:48.064  INFO 25052 --- [restartedMain] tn.esprit.spring.TimeSheetApplication    : Started TimeSheetApplication in 20.452 seconds (JVM running for 23.26)
2020-11-30 20:44:00.260  INFO 25052 --- [RMI TCP Connection(2)-127.0.0.1] inMXBeanRegistrar$SpringApplicationAdmin : Application shutdown requested.
2020-11-30 20:44:00.362  INFO 25052 --- [Thread-6] j.LocalContainerEntityManagerFactoryBean : Closing JPA EntityManagerFactory for persistence unit 'default'
2020-11-30 20:44:00.364  INFO 25052 --- [Thread-6] o.s.s.concurrent.ThreadPoolTaskExecutor  : Shutting down ExecutorService 'applicationTaskExecutor'
2020-11-30 20:44:00.367  INFO 25052 --- [Thread-6] com.zaxxer.hikari.HikariDataSource       : HikariPool-1 - Shutdown initiated...
2020-11-30 20:44:00.390  INFO 25052 --- [Thread-6] com.zaxxer.hikari.HikariDataSource       : HikariPool-1 - Shutdown completed.
2020-11-30 20:44:00.677  INFO 25052 --- [restartedMain] tn.esprit.spring.TimeSheetApplication    : Starting TimeSheetApplication on HaDDaD with PID 25052 (C:\Users\Haddad\Documents\Spring\TimeSheet\target\classes started by Haddad in C:\Users\Haddad\Documents\Spring\TimeSheet)
2020-11-30 20:44:00.678  INFO 25052 --- [restartedMain] tn.esprit.spring.TimeSheetApplication    : No active profile set, falling back to default profiles: default
2020-11-30 20:44:00.994  INFO 25052 --- [restartedMain] .s.d.r.c.RepositoryConfigurationDelegate : Bootstrapping Spring Data JPA repositories in DEFERRED mode.
2020-11-30 20:44:01.037  INFO 25052 --- [restartedMain] .s.d.r.c.RepositoryConfigurationDelegate : Finished Spring Data repository scanning in 43ms. Found 6 JPA repository interfaces.
2020-11-30 20:44:01.223  INFO 25052 --- [restartedMain] o.s.b.w.embedded.tomcat.TomcatWebServer  : Tomcat initialized with port(s): 8082 (http)
2020-11-30 20:44:01.224  INFO 25052 --- [restartedMain] o.apache.catalina.core.StandardService   : Starting service [Tomcat]
2020-11-30 20:44:01.224  INFO 25052 --- [restartedMain] org.apache.catalina.core.StandardEngine  : Starting Servlet engine: [Apache Tomcat/9.0.39]
2020-11-30 20:44:01.245  INFO 25052 --- [restartedMain] o.a.c.c.C.[.[localhost].[/SpringMVC]     : Initializing Spring embedded WebApplicationContext
2020-11-30 20:44:01.245  INFO 25052 --- [restartedMain] w.s.c.ServletWebServerApplicationContext : Root WebApplicationContext: initialization completed in 563 ms
2020-11-30 20:44:01.316  INFO 25052 --- [restartedMain] o.s.s.concurrent.ThreadPoolTaskExecutor  : Initializing ExecutorService 'applicationTaskExecutor'
2020-11-30 20:44:01.330  INFO 25052 --- [task-1] o.hibernate.jpa.internal.util.LogHelper  : HHH000204: Processing PersistenceUnitInfo [name: default]
2020-11-30 20:44:01.340  INFO 25052 --- [task-1] com.zaxxer.hikari.HikariDataSource       : HikariPool-2 - Starting...
2020-11-30 20:44:01.366  INFO 25052 --- [task-1] com.zaxxer.hikari.HikariDataSource       : HikariPool-2 - Start completed.
2020-11-30 20:44:01.367  INFO 25052 --- [task-1] org.hibernate.dialect.Dialect            : HHH000400: Using dialect: org.hibernate.dialect.MySQL55Dialect
2020-11-30 20:44:01.431  WARN 25052 --- [task-1] org.hibernate.mapping.RootClass          : HHH000038: Composite-id class does not override equals(): tn.esprit.spring.entity.PK
2020-11-30 20:44:01.432  WARN 25052 --- [task-1] org.hibernate.mapping.RootClass          : HHH000039: Composite-id class does not override hashCode(): tn.esprit.spring.entity.PK
2020-11-30 20:44:01.744  INFO 25052 --- [restartedMain] o.s.b.d.a.OptionalLiveReloadServer       : LiveReload server is running on port 35729
2020-11-30 20:44:01.764  INFO 25052 --- [task-1] o.h.e.t.j.p.i.JtaPlatformInitiator       : HHH000490: Using JtaPlatform implementation: [org.hibernate.engine.transaction.jta.platform.internal.NoJtaPlatform]
2020-11-30 20:44:01.765  INFO 25052 --- [task-1] j.LocalContainerEntityManagerFactoryBean : Initialized JPA EntityManagerFactory for persistence unit 'default'
2020-11-30 20:44:01.782  INFO 25052 --- [restartedMain] o.s.b.w.embedded.tomcat.TomcatWebServer  : Tomcat started on port(s): 8082 (http) with context path '/SpringMVC'
2020-11-30 20:44:01.785  INFO 25052 --- [restartedMain] DeferredRepositoryInitializationListener : Triggering deferred initialization of Spring Data repositories…
2020-11-30 20:44:01.925  INFO 25052 --- [restartedMain] DeferredRepositoryInitializationListener : Spring Data repositories initialized!
2020-11-30 20:44:01.930  INFO 25052 --- [restartedMain] tn.esprit.spring.TimeSheetApplication    : Started TimeSheetApplication in 1.307 seconds (JVM running for 97.126)
2020-11-30 20:44:01.932  INFO 25052 --- [restartedMain] .ConditionEvaluationDeltaLoggingListener : Condition evaluation unchanged
